[2026-03-16T16:42:52.403Z] 'Married at First Sight' is properly fetched.
[2026-03-16T16:43:01.035Z] 'Geordie Shore' is properly fetched.
[2026-03-16T16:43:12.536Z] 'The Only Way Is Essex' is properly fetched.
[2026-03-16T16:43:23.587Z] 'Made in Chelsea' is properly fetched.
[2026-03-16T16:43:27.330Z] 'Ex on the Beach' is properly fetched.
[2026-03-16T16:43:29.777Z] 'Race Across the World' is properly fetched.
[2026-03-16T16:43:30.884Z] 'Hunted' is properly fetched.
[2026-03-16T16:43:33.994Z] 'SAS: Who Dares Wins' is properly fetched.
[2026-03-16T16:43:37.156Z] 'Celebrity SAS: Who Dares Wins' is properly fetched.
[2026-03-16T16:43:44.180Z] 'Taskmaster' is properly fetched.
[2026-03-16T16:43:46.494Z] 'The 1% Club' is properly fetched.
[2026-03-16T16:43:53.106Z] 'Pointless Celebrities' is properly fetched.
[2026-03-16T16:44:03.989Z] 'Come Dine with Me' is properly fetched.
[2026-03-16T16:44:21.522Z] 'Bargain Hunt' is properly fetched.
[2026-03-16T16:44:30.927Z] 'Escape to the Country' is properly fetched.
[2026-03-16T16:44:40.231Z] 'Grand Designs' is properly fetched.
[2026-03-16T16:44:42.922Z] 'Glow Up' is properly fetched.
[2026-03-16T16:44:45.746Z] 'Interior Design Masters' is properly fetched.
[2026-03-16T16:44:48.585Z] 'RuPaul's Drag Race UK' is properly fetched.
[2026-03-16T16:44:49.889Z] 'Breaking Bad' is properly fetched.
[2026-03-16T16:44:52.915Z] 'Skins' is properly fetched.
[2026-03-16T16:44:54.185Z] 'Survivor' is properly fetched.
[2026-03-16T16:45:06.752Z] 'Four in a Bed' is properly fetched.
[2026-03-16T16:45:16.211Z] 'Gogglebox' is properly fetched.
[2026-03-16T16:45:19.048Z] 'Celebrity Gogglebox' is properly fetched.
[2026-03-16T16:45:27.635Z] 'First Dates' is properly fetched.
[2026-03-16T16:45:32.003Z] 'First Dates Hotel' is properly fetched.
[2026-03-16T16:45:38.852Z] 'Naked Attraction' is properly fetched.
[2026-03-16T16:45:43.863Z] 'Neighbours' is properly fetched.
[2026-03-16T16:46:12.480Z] 'Coronation Street' is properly fetched.
[2026-03-16T16:46:31.998Z] 'EastEnders' is properly fetched.
[2026-03-16T16:46:44.328Z] 'Hollyoaks' is properly fetched.
[2026-03-16T16:46:49.011Z] 'Love Island' is properly fetched.
[2026-03-16T16:46:56.659Z] 'Big Brother' is properly fetched.
[2026-03-16T16:47:12.483Z] 'Antiques Roadshow' is properly fetched.
[2026-03-16T16:47:20.524Z] 'Dragons' Den' is properly fetched.
[2026-03-16T16:47:28.310Z] 'MasterChef' is properly fetched.
[2026-03-16T16:47:35.106Z] 'Celebrity MasterChef' is properly fetched.
[2026-03-16T16:47:41.374Z] 'MasterChef: The Professionals' is properly fetched.
[2026-03-16T16:47:47.632Z] 'The Great British Bake Off' is properly fetched.
[2026-03-16T16:47:51.947Z] 'The Great British Sewing Bee' is properly fetched.
[2026-03-16T16:47:56.170Z] 'Junior Bake Off' is properly fetched.
[2026-03-16T16:48:03.730Z] 'Celebrity Big Brother' is properly fetched.
[2026-03-16T16:48:06.196Z] 'The Traitors' is properly fetched.
[2026-03-16T16:48:15.027Z] 'I'm a Celebrity... Get Me Out of Here!' is properly fetched.
[2026-03-16T16:48:23.191Z] 'Strictly Come Dancing' is properly fetched.
[2026-03-16T16:48:29.756Z] 'Britain's Got Talent' is properly fetched.
[2026-03-16T16:48:35.311Z] 'The X Factor' is properly fetched.
[2026-03-16T16:48:41.407Z] 'Dancing on Ice' is properly fetched.
[2026-03-16T16:48:46.208Z] 'The Voice' is properly fetched.
[2026-03-16T16:48:55.315Z] 'The Apprentice' is properly fetched.
